<?xml version="1.0" encoding="UTF-8"?>
<robot generator="Robot 7.2.2 (Python 3.11.0 on win32)" generated="2025-03-15T19:06:45.747068" rpa="false" schemaversion="5">
<suite id="s1" name="SnippingToolAutomation" source="C:\Users\RYZEN\PycharmProjects\ROBOTFramework-SnippingToolAutomation\Tests\SnippingToolAutomation.robot">
<test id="s1-t1" name="Automate Snipping Tool" line="10">
<kw name="Open Snipping Tool" owner="keywords">
<kw name="Start Process" owner="Process">
<msg time="2025-03-15T19:06:46.325926" level="INFO">Starting process:
snippingtool.exe</msg>
<arg>${FILE_NAME}</arg>
<doc>Starts a new process on background.</doc>
<status status="PASS" start="2025-03-15T19:06:46.325926" elapsed="0.025654"/>
</kw>
<kw name="Sleep" owner="BuiltIn">
<msg time="2025-03-15T19:06:49.351909" level="INFO">Slept 3 seconds.</msg>
<arg>3</arg>
<doc>Pauses the test executed for the given time.</doc>
<status status="PASS" start="2025-03-15T19:06:46.351580" elapsed="3.000329"/>
</kw>
<status status="PASS" start="2025-03-15T19:06:46.325424" elapsed="3.026485"/>
</kw>
<kw name="Click New Snip" owner="keywords">
<kw name="Press Keys" owner="RPA.Desktop">
<msg time="2025-03-15T19:06:49.352939" level="INFO">Pressing keys: Key.ctrl, 'n'</msg>
<arg>ctrl</arg>
<arg>N</arg>
<doc>Press multiple keys down simultaneously.</doc>
<status status="PASS" start="2025-03-15T19:06:49.352939" elapsed="0.001000"/>
</kw>
<kw name="Sleep" owner="BuiltIn">
<msg time="2025-03-15T19:06:51.355750" level="INFO">Slept 2 seconds.</msg>
<arg>2</arg>
<doc>Pauses the test executed for the given time.</doc>
<status status="PASS" start="2025-03-15T19:06:49.353939" elapsed="2.001811"/>
</kw>
<status status="PASS" start="2025-03-15T19:06:49.352939" elapsed="2.002811"/>
</kw>
<status status="PASS" start="2025-03-15T19:06:46.324110" elapsed="5.031640"/>
</test>
<status status="PASS" start="2025-03-15T19:06:45.748070" elapsed="5.608706"/>
</suite>
<statistics>
<total>
<stat pass="1" fail="0" skip="0">All Tests</stat>
</total>
<tag>
</tag>
<suite>
<stat name="SnippingToolAutomation" id="s1" pass="1" fail="0" skip="0">SnippingToolAutomation</stat>
</suite>
</statistics>
<errors>
</errors>
</robot>
